Using pre-set license
Built from '2020.3/staging' branch; Version is '2020.3.0f1 (c7b5465681fb) revision 13088070'; Using compiler version '192528614'; Build Type 'Release'
OS: 'Windows 10 Home; OS build 19043.1415; Version 2009; 64bit' Language: 'es' Physical Memory: 5968 MB
BatchMode: 1, IsHumanControllingUs: 0, StartBugReporterOnCrash: 0, Is64bit: 1, IsPro: 0

 COMMAND LINE ARGUMENTS:
C:\Program Files\Unity\Editor\Unity.exe
-adb2
-batchMode
-noUpm
-name
AssetImportWorker0
-projectPath
C:/Users/migue/REVO (the batle in the galaxies)
-logFile
Logs/AssetImportWorker0.log
-srvPort
61376
Successfully changed project path to: C:/Users/migue/REVO (the batle in the galaxies)
C:/Users/migue/REVO (the batle in the galaxies)
Using Asset Import Pipeline V2.
Refreshing native plugins compatible for Editor in 79.69 ms, found 0 plugins.
Preloading 0 native plugins for Editor in 0.00 ms.
Initialize engine version: 2020.3.0f1 (c7b5465681fb)
[Subsystems] Discovering subsystems at path C:/Program Files/Unity/Editor/Data/Resources/UnitySubsystems
[Subsystems] Discovering subsystems at path C:/Users/migue/REVO (the batle in the galaxies)/Assets
GfxDevice: creating device client; threaded=0
Direct3D:
    Version:  Direct3D 11.0 [level 11.1]
    Renderer: Intel(R) UHD Graphics 600 (ID=0x3185)
    Vendor:   
    VRAM:     2984 MB
    Driver:   27.20.100.8681
Initialize mono
Mono path[0] = 'C:/Program Files/Unity/Editor/Data/Managed'
Mono path[1] = 'C:/Program Files/Unity/Editor/Data/MonoBleedingEdge/lib/mono/unityjit'
Mono config path = 'C:/Program Files/Unity/Editor/Data/MonoBleedingEdge/etc'
Using monoOptions --debugger-agent=transport=dt_socket,embedding=1,server=y,suspend=n,address=127.0.0.1:56140
Begin MonoManager ReloadAssembly
Registering precompiled unity dll's ...
Register platform support module: C:/Program Files/Unity/Editor/Data/PlaybackEngines/WindowsStandaloneSupport/UnityEditor.WindowsStandalone.Extensions.dll
Registered in 0.005654 seconds.
Native extension for WindowsStandalone target not found
Refreshing native plugins compatible for Editor in 76.18 ms, found 0 plugins.
Preloading 0 native plugins for Editor in 0.00 ms.
Invoked RoslynAnalysisRunner static constructor.
RoslynAnalysisRunner will not be running.
RoslynAnalysisRunner has terminated.
Mono: successfully reloaded assembly
- Completed reload, in  3.179 seconds
Platform modules already initialized, skipping
Registering precompiled user dll's ...
Registered in 0.002936 seconds.
Begin MonoManager ReloadAssembly
Native extension for WindowsStandalone target not found
Refreshing native plugins compatible for Editor in 0.81 ms, found 0 plugins.
Preloading 0 native plugins for Editor in 0.00 ms.
Invoked RoslynAnalysisRunner static constructor.
RoslynAnalysisRunner will not be running.
RoslynAnalysisRunner has terminated.
Mono: successfully reloaded assembly
- Completed reload, in  2.412 seconds
Platform modules already initialized, skipping
========================================================================
Worker process is ready to serve import requests
Launched and connected shader compiler UnityShaderCompiler.exe after 0.16 seconds
Refreshing native plugins compatible for Editor in 0.76 ms, found 0 plugins.
Preloading 0 native plugins for Editor in 0.00 ms.
Unloading 1113 Unused Serialized files (Serialized files now loaded: 0)
System memory in use before: 68.7 MB.
System memory in use after: 68.8 MB.

Unloading 10 unused Assets to reduce memory usage. Loaded Objects now: 1569.
Total: 4.775700 ms (FindLiveObjects: 0.520300 ms CreateObjectMapping: 0.077500 ms MarkObjects: 3.929900 ms  DeleteObjects: 0.243500 ms)

========================================================================
Received Import Request.
  path: Assets/torreta de eleçtriçidad.blend
  artifactKey: Guid(9f9555cb7d58f164198ab880ba828bbe) Importer(815301076,1909f56bfc062723c751e8b465ee728b)
Start importing Assets/torreta de eleçtriçidad.blend using Guid(9f9555cb7d58f164198ab880ba828bbe) Importer(815301076,1909f56bfc062723c751e8b465ee728b)  -> (artifact id: '2d5464693847a2ba574bef5a297ee55f') in 2.851713 seconds
  Import took 2.857807 seconds .

========================================================================
Received Import Request.
  Time since last request: 0.001326 seconds.
  path: Assets/1Mateo.blend
  artifactKey: Guid(a75880848059d384ca9be67788cd56f5) Importer(815301076,1909f56bfc062723c751e8b465ee728b)
Start importing Assets/1Mateo.blend using Guid(a75880848059d384ca9be67788cd56f5) Importer(815301076,1909f56bfc062723c751e8b465ee728b)  -> (artifact id: '7f096b81f3ad6e804b9bb3ebb266efb3') in 0.409688 seconds
  Import took 0.415834 seconds .

========================================================================
Received Import Request.
  Time since last request: 0.000433 seconds.
  path: Assets/faro çon çasa.blend
  artifactKey: Guid(2f1aea31efafcfd45af078c516f21b8e) Importer(815301076,1909f56bfc062723c751e8b465ee728b)
Start importing Assets/faro çon çasa.blend using Guid(2f1aea31efafcfd45af078c516f21b8e) Importer(815301076,1909f56bfc062723c751e8b465ee728b)  -> (artifact id: '6e3f118568812186c93179e0c09455ee') in 0.446327 seconds
  Import took 0.451522 seconds .

========================================================================
Received Import Request.
  Time since last request: 0.000506 seconds.
  path: Assets/seta hongo.blend
  artifactKey: Guid(371239460ad4ee440a0f08d888dbf0dc) Importer(815301076,1909f56bfc062723c751e8b465ee728b)
Start importing Assets/seta hongo.blend using Guid(371239460ad4ee440a0f08d888dbf0dc) Importer(815301076,1909f56bfc062723c751e8b465ee728b)  -> (artifact id: '73976a91adca2ef6d9ebcaf6ac027561') in 0.110587 seconds
  Import took 0.118288 seconds .

========================================================================
Received Import Request.
  Time since last request: 0.000509 seconds.
  path: Assets/enemigo çubo malvado rojo çolorado.blend
  artifactKey: Guid(2af5f5578fb34214db69c5195899b9b1) Importer(815301076,1909f56bfc062723c751e8b465ee728b)
Start importing Assets/enemigo çubo malvado rojo çolorado.blend using Guid(2af5f5578fb34214db69c5195899b9b1) Importer(815301076,1909f56bfc062723c751e8b465ee728b)  -> (artifact id: 'cf464cb0384ce950704863046345817a') in 2.477290 seconds
  Import took 2.485313 seconds .

========================================================================
Received Import Request.
  Time since last request: 0.000630 seconds.
  path: Assets/personaje floral.blend
  artifactKey: Guid(a10c3eca6f2a2af468bb0cea08de99e8) Importer(815301076,1909f56bfc062723c751e8b465ee728b)
Start importing Assets/personaje floral.blend using Guid(a10c3eca6f2a2af468bb0cea08de99e8) Importer(815301076,1909f56bfc062723c751e8b465ee728b)  -> (artifact id: '3b2741ce76d19f07dc0f60cdbe02b145') in 0.939054 seconds
  Import took 0.947228 seconds .

========================================================================
Received Import Request.
  Time since last request: 0.000429 seconds.
  path: Assets/prueba de personaje.blend
  artifactKey: Guid(03f849222e5be694aa2ce3754073623d) Importer(815301076,1909f56bfc062723c751e8b465ee728b)
Start importing Assets/prueba de personaje.blend using Guid(03f849222e5be694aa2ce3754073623d) Importer(815301076,1909f56bfc062723c751e8b465ee728b)  -> (artifact id: '147e0ccd28c52c36f22eedadaa5fc66f') in 0.607308 seconds
  Import took 0.616749 seconds .

========================================================================
Received Import Request.
  Time since last request: 0.000475 seconds.
  path: Assets/personajainiçial terminado.blend
  artifactKey: Guid(0f16e938f4dfbae4c9359939aa7e1fb4) Importer(815301076,1909f56bfc062723c751e8b465ee728b)
Start importing Assets/personajainiçial terminado.blend using Guid(0f16e938f4dfbae4c9359939aa7e1fb4) Importer(815301076,1909f56bfc062723c751e8b465ee728b)  -> (artifact id: '23839b59f4f98102e7ab1b626a27ef40') in 0.808052 seconds
  Import took 0.817515 seconds .

========================================================================
Received Import Request.
  Time since last request: 0.000611 seconds.
  path: Assets/malo çono.blend
  artifactKey: Guid(28e71835aa0ebb7479f73c7c69cc7541) Importer(815301076,1909f56bfc062723c751e8b465ee728b)
Start importing Assets/malo çono.blend using Guid(28e71835aa0ebb7479f73c7c69cc7541) Importer(815301076,1909f56bfc062723c751e8b465ee728b)  -> (artifact id: '8e94677682330fd9d909d0406261b6b2') in 0.778065 seconds
  Import took 0.787021 seconds .

========================================================================
Received Import Request.
  Time since last request: 0.000441 seconds.
  path: Assets/Mateo.blend
  artifactKey: Guid(e573e20b58a73694e8d0235a900472d4) Importer(815301076,1909f56bfc062723c751e8b465ee728b)
Start importing Assets/Mateo.blend using Guid(e573e20b58a73694e8d0235a900472d4) Importer(815301076,1909f56bfc062723c751e8b465ee728b)  -> (artifact id: '4131ed89ae30498294103a7c42db5589') in 1.142002 seconds
  Import took 1.149513 seconds .

========================================================================
Received Import Request.
  Time since last request: 0.000472 seconds.
  path: Assets/fuente que no me va a servir para nada.blend
  artifactKey: Guid(8a87cbf236ebb4e4691978da012b40af) Importer(815301076,1909f56bfc062723c751e8b465ee728b)
Start importing Assets/fuente que no me va a servir para nada.blend using Guid(8a87cbf236ebb4e4691978da012b40af) Importer(815301076,1909f56bfc062723c751e8b465ee728b)  -> (artifact id: 'a835b98e6555232934587d452bfe1b20') in 0.119457 seconds
  Import took 0.125618 seconds .

========================================================================
Received Prepare
Registering precompiled user dll's ...
Registered in 0.017340 seconds.
Begin MonoManager ReloadAssembly
Native extension for WindowsStandalone target not found
Refreshing native plugins compatible for Editor in 1.97 ms, found 0 plugins.
Preloading 0 native plugins for Editor in 0.00 ms.
Invoked RoslynAnalysisRunner static constructor.
RoslynAnalysisRunner will not be running.
RoslynAnalysisRunner has terminated.
Mono: successfully reloaded assembly
- Completed reload, in  2.875 seconds
Platform modules already initialized, skipping
Refreshing native plugins compatible for Editor in 1.66 ms, found 0 plugins.
Preloading 0 native plugins for Editor in 0.00 ms.
Unloading 1108 Unused Serialized files (Serialized files now loaded: 0)
System memory in use before: 72.8 MB.
System memory in use after: 72.8 MB.

Unloading 6 unused Assets to reduce memory usage. Loaded Objects now: 1615.
Total: 19.324500 ms (FindLiveObjects: 0.550600 ms CreateObjectMapping: 0.085700 ms MarkObjects: 10.470100 ms  DeleteObjects: 8.213800 ms)

========================================================================
Received Prepare
Registering precompiled user dll's ...
Registered in 0.002651 seconds.
Begin MonoManager ReloadAssembly
Native extension for WindowsStandalone target not found
Refreshing native plugins compatible for Editor in 0.80 ms, found 0 plugins.
Preloading 0 native plugins for Editor in 0.00 ms.
Invoked RoslynAnalysisRunner static constructor.
RoslynAnalysisRunner will not be running.
RoslynAnalysisRunner has terminated.
Mono: successfully reloaded assembly
- Completed reload, in  2.508 seconds
Platform modules already initialized, skipping
Refreshing native plugins compatible for Editor in 0.74 ms, found 0 plugins.
Preloading 0 native plugins for Editor in 0.00 ms.
Unloading 1108 Unused Serialized files (Serialized files now loaded: 0)
System memory in use before: 72.8 MB.
System memory in use after: 72.9 MB.

Unloading 5 unused Assets to reduce memory usage. Loaded Objects now: 1618.
Total: 4.897500 ms (FindLiveObjects: 0.530700 ms CreateObjectMapping: 0.077600 ms MarkObjects: 3.728900 ms  DeleteObjects: 0.555000 ms)

AssetImportWorkerClient::OnTransportError - code=2 error=End of file
